<?xml version="1.0" encoding="UTF-8"?>
<!-- Generated by org.testng.reporters.JUnitXMLReporter -->
<testsuite ignored="0" hostname="DESKTOP-H41JRIE" failures="0" tests="10" name="Contact List API Testing" time="17.33" errors="0" timestamp="2025-08-01T18:43:51 IST">
  <testcase classname="com.telecom.testcases.ContactListApplicationTest" name="addNewUser" time="5.414"/>
  <testcase classname="com.telecom.testcases.ContactListApplicationTest" name="getUserProfile" time="1.318"/>
  <testcase classname="com.telecom.testcases.ContactListApplicationTest" name="updateUser" time="1.303"/>
  <testcase classname="com.telecom.testcases.ContactListApplicationTest" name="loginUser" time="1.396"/>
  <testcase classname="com.telecom.testcases.ContactListApplicationTest" name="addContact" time="1.271"/>
  <testcase classname="com.telecom.testcases.ContactListApplicationTest" name="getContactList" time="1.375"/>
  <testcase classname="com.telecom.testcases.ContactListApplicationTest" name="getContactById" time="1.235"/>
  <testcase classname="com.telecom.testcases.ContactListApplicationTest" name="updateFullContact" time="1.389"/>
  <testcase classname="com.telecom.testcases.ContactListApplicationTest" name="updatePartialContact" time="1.249"/>
  <testcase classname="com.telecom.testcases.ContactListApplicationTest" name="logoutUser" time="1.237"/>
</testsuite> <!-- Contact List API Testing -->
