<?xml version="1.0" encoding="UTF-8"?>
<!-- Generated by org.testng.reporters.JUnitXMLReporter -->
<testsuite ignored="0" hostname="DESKTOP-H41JRIE" failures="0" tests="10" name="Contact List API Testing" time="17.614" errors="0" timestamp="2025-06-30T16:29:00 IST">
  <testcase classname="com.telecom.testcases.AddNewUser" name="addUser" time="5.595"/>
  <testcase classname="com.telecom.testcases.Get_User_Profile" name="getProfile" time="1.288"/>
  <testcase classname="com.telecom.testcases.UpdateUser" name="updateUser" time="1.413"/>
  <testcase classname="com.telecom.testcases.LoginUser" name="loginUser" time="1.365"/>
  <testcase classname="com.telecom.testcases.AddContact" name="addContact" time="1.361"/>
  <testcase classname="com.telecom.testcases.GetContactList" name="getContactList" time="1.355"/>
  <testcase classname="com.telecom.testcases.GetSingleContact" name="getContactById" time="1.256"/>
  <testcase classname="com.telecom.testcases.UpdateFullContact" name="updateFullContact" time="1.243"/>
  <testcase classname="com.telecom.testcases.UpdatePartialContact" name="updatePartialContact" time="1.348"/>
  <testcase classname="com.telecom.testcases.LogoutUser" name="logoutUser" time="1.276"/>
</testsuite> <!-- Contact List API Testing -->
