<?xml version="1.0" encoding="UTF-8"?>
<testng-results ignored="0" total="10" passed="10" failed="0" skipped="0">
  <reporter-output>
  </reporter-output>
  <suite started-at="2025-06-30T16:28:43 IST" name="Telecom Suite" finished-at="2025-06-30T16:29:00 IST" duration-ms="17614">
    <groups>
    </groups>
    <test started-at="2025-06-30T16:28:43 IST" name="Contact List API Testing" finished-at="2025-06-30T16:29:00 IST" duration-ms="17614">
      <class name="com.telecom.testcases.GetSingleContact">
        <test-method signature="getContactById()[pri:0, instance:com.telecom.testcases.GetSingleContact@783a467b]" started-at="2025-06-30T16:28:55 IST" name="getContactById" finished-at="2025-06-30T16:28:56 IST" duration-ms="1256" status="PASS">
          <reporter-output>
          </reporter-output>
        </test-method> <!-- getContactById -->
      </class> <!-- com.telecom.testcases.GetSingleContact -->
      <class name="com.telecom.testcases.UpdateFullContact">
        <test-method signature="updateFullContact()[pri:0, instance:com.telecom.testcases.UpdateFullContact@272113c4]" started-at="2025-06-30T16:28:56 IST" name="updateFullContact" finished-at="2025-06-30T16:28:58 IST" duration-ms="1243" status="PASS">
          <reporter-output>
          </reporter-output>
        </test-method> <!-- updateFullContact -->
      </class> <!-- com.telecom.testcases.UpdateFullContact -->
      <class name="com.telecom.testcases.AddNewUser">
        <test-method signature="addUser()[pri:0, instance:com.telecom.testcases.AddNewUser@51e69659]" started-at="2025-06-30T16:28:43 IST" name="addUser" finished-at="2025-06-30T16:28:48 IST" duration-ms="5595" status="PASS">
          <reporter-output>
          </reporter-output>
        </test-method> <!-- addUser -->
      </class> <!-- com.telecom.testcases.AddNewUser -->
      <class name="com.telecom.testcases.UpdateUser">
        <test-method signature="updateUser()[pri:0, instance:com.telecom.testcases.UpdateUser@53aac487]" started-at="2025-06-30T16:28:50 IST" name="updateUser" finished-at="2025-06-30T16:28:51 IST" duration-ms="1413" status="PASS">
          <reporter-output>
          </reporter-output>
        </test-method> <!-- updateUser -->
      </class> <!-- com.telecom.testcases.UpdateUser -->
      <class name="com.telecom.testcases.LoginUser">
        <test-method signature="loginUser()[pri:0, instance:com.telecom.testcases.LoginUser@52b1beb6]" started-at="2025-06-30T16:28:51 IST" name="loginUser" finished-at="2025-06-30T16:28:52 IST" duration-ms="1365" status="PASS">
          <reporter-output>
          </reporter-output>
        </test-method> <!-- loginUser -->
      </class> <!-- com.telecom.testcases.LoginUser -->
      <class name="com.telecom.testcases.UpdatePartialContact">
        <test-method signature="updatePartialContact()[pri:0, instance:com.telecom.testcases.UpdatePartialContact@73e9cf30]" started-at="2025-06-30T16:28:58 IST" name="updatePartialContact" finished-at="2025-06-30T16:28:59 IST" duration-ms="1348" status="PASS">
          <reporter-output>
          </reporter-output>
        </test-method> <!-- updatePartialContact -->
      </class> <!-- com.telecom.testcases.UpdatePartialContact -->
      <class name="com.telecom.testcases.GetContactList">
        <test-method signature="getContactList()[pri:0, instance:com.telecom.testcases.GetContactList@7db12bb6]" started-at="2025-06-30T16:28:54 IST" name="getContactList" finished-at="2025-06-30T16:28:55 IST" duration-ms="1355" status="PASS">
          <reporter-output>
          </reporter-output>
        </test-method> <!-- getContactList -->
      </class> <!-- com.telecom.testcases.GetContactList -->
      <class name="com.telecom.testcases.AddContact">
        <test-method signature="addContact()[pri:0, instance:com.telecom.testcases.AddContact@273e7444]" started-at="2025-06-30T16:28:52 IST" name="addContact" finished-at="2025-06-30T16:28:54 IST" duration-ms="1361" status="PASS">
          <reporter-output>
          </reporter-output>
        </test-method> <!-- addContact -->
      </class> <!-- com.telecom.testcases.AddContact -->
      <class name="com.telecom.testcases.LogoutUser">
        <test-method signature="logoutUser()[pri:0, instance:com.telecom.testcases.LogoutUser@771a660]" started-at="2025-06-30T16:28:59 IST" name="logoutUser" finished-at="2025-06-30T16:29:00 IST" duration-ms="1276" status="PASS">
          <reporter-output>
          </reporter-output>
        </test-method> <!-- logoutUser -->
      </class> <!-- com.telecom.testcases.LogoutUser -->
      <class name="com.telecom.testcases.Get_User_Profile">
        <test-method signature="getProfile()[pri:0, instance:com.telecom.testcases.Get_User_Profile@54e1c68b]" started-at="2025-06-30T16:28:48 IST" name="getProfile" finished-at="2025-06-30T16:28:50 IST" duration-ms="1288" status="PASS">
          <reporter-output>
          </reporter-output>
        </test-method> <!-- getProfile -->
      </class> <!-- com.telecom.testcases.Get_User_Profile -->
    </test> <!-- Contact List API Testing -->
  </suite> <!-- Telecom Suite -->
</testng-results>
